<?xml version="1.0" encoding="UTF-8"?>
<!-- Generated by org.testng.reporters.JUnitReportReporter -->
<testsuite hostname="Tintu" failures="0" tests="1" name="tests.RegistrationTest" time="26.442" errors="0" timestamp="2023-09-27T10:36:48 IST" skipped="0">
  <testcase classname="tests.RegistrationTest" name="registration" time="26.442"/>
  <system-out/>
</testsuite> <!-- tests.RegistrationTest -->
