<?xml version="1.0" encoding="UTF-8"?>
<!-- Generated by org.testng.reporters.JUnitReportReporter -->
<testsuite hostname="Tintu" failures="0" tests="1" name="tests.LoginTest" time="29.476" errors="0" timestamp="2023-09-27T10:09:30 IST" skipped="0">
  <testcase classname="tests.LoginTest" name="Login" time="29.476"/>
  <system-out/>
</testsuite> <!-- tests.LoginTest -->
