<?xml version="1.0" encoding="UTF-8"?>
<!-- Generated by org.testng.reporters.JUnitReportReporter -->
<testsuite hostname="Tintu" failures="0" tests="1" name="tests.LoginTest" time="26.309" errors="0" timestamp="2023-09-26T17:35:31 IST" skipped="0">
  <testcase classname="tests.LoginTest" name="Login" time="26.309"/>
</testsuite> <!-- tests.LoginTest -->
