<?xml version="1.0" encoding="UTF-8"?>
<!-- Generated by org.testng.reporters.JUnitReportReporter -->
<testsuite hostname="Tintu" failures="0" tests="1" name="tests.RegistrationTest" time="98.279" errors="0" timestamp="2023-09-26T17:35:31 IST" skipped="0">
  <testcase classname="tests.RegistrationTest" name="registration" time="98.279"/>
</testsuite> <!-- tests.RegistrationTest -->
